<?xml version="1.0" encoding="UTF-8"?>
<!-- Generated by org.testng.reporters.JUnitReportReporter -->
<testsuite hostname="MacBookAir-2885" failures="0" tests="1" name="WalletHubReviewTests" time="24.714" errors="0" timestamp="2023-05-21T15:31:15 PKT" skipped="0">
  <testcase classname="WalletHubReviewTests" name="writeAReviewAndAssert" time="24.714"/>
  <system-out/>
</testsuite> <!-- WalletHubReviewTests -->
